<?xml version="1.0" encoding="UTF-8"?>
<!-- Generated by org.testng.reporters.JUnitReportReporter -->
<testsuite hostname="DESKTOP-3S555CM" failures="0" tests="1" name="com.training.sanity.tests.TC003_RecoverPassword" time="7.552" errors="0" timestamp="2020-02-06T19:43:01 IST" skipped="0">
  <testcase classname="com.training.sanity.tests.TC003_RecoverPassword" name="forgotPassword" time="7.552"/>
</testsuite> <!-- com.training.sanity.tests.TC003_RecoverPassword -->
