<?xml version="1.0" encoding="UTF-8"?>
<!-- Generated by org.testng.reporters.JUnitReportReporter -->
<testsuite hostname="DESKTOP-3S555CM" failures="0" tests="2" name="com.training.sanity.tests.TC062_DisplayRegistrationDatabase" time="179.935" errors="0" timestamp="2020-02-08T21:15:49 IST" skipped="0">
  <testcase classname="com.training.sanity.tests.TC062_DisplayRegistrationDatabase" name="adminLogin" time="147.189"/>
  <testcase classname="com.training.sanity.tests.TC062_DisplayRegistrationDatabase" name="seeDatabase" time="32.746"/>
</testsuite> <!-- com.training.sanity.tests.TC062_DisplayRegistrationDatabase -->
