<?xml version="1.0" encoding="UTF-8"?>
<!-- Generated by org.testng.reporters.JUnitReportReporter -->
<testsuite hostname="DESKTOP-3S555CM" failures="0" tests="2" name="com.training.sanity.tests.TC002_UserLogin" time="6.775" errors="0" timestamp="2020-01-31T19:01:57 IST" skipped="0">
  <testcase classname="com.training.sanity.tests.TC002_UserLogin" name="Login" time="4.426"/>
  <testcase classname="com.training.sanity.tests.TC002_UserLogin" name="LogOut" time="2.349"/>
</testsuite> <!-- com.training.sanity.tests.TC002_UserLogin -->
