<?xml version="1.0" encoding="UTF-8"?>
<!-- Generated by org.testng.reporters.JUnitReportReporter -->
<testsuite hostname="DESKTOP-3S555CM" failures="0" tests="1" name="com.training.sanity.tests.TC0036_VillasTab" time="17.952" errors="0" timestamp="2020-02-04T23:49:43 IST" skipped="0">
  <testcase classname="com.training.sanity.tests.TC0036_VillasTab" name="commercialTab" time="17.952"/>
</testsuite> <!-- com.training.sanity.tests.TC0036_VillasTab -->
