<?xml version="1.0" encoding="UTF-8"?>
<!-- Generated by org.testng.reporters.JUnitReportReporter -->
<testsuite hostname="DESKTOP-3S555CM" failures="0" tests="3" name="com.training.sanity.tests.TC005_PasswordChange" time="14.958" errors="0" timestamp="2020-02-06T20:37:30 IST" skipped="0">
  <testcase classname="com.training.sanity.tests.TC005_PasswordChange" name="Login" time="4.858"/>
  <testcase classname="com.training.sanity.tests.TC005_PasswordChange" name="ChangePassword" time="7.729"/>
  <testcase classname="com.training.sanity.tests.TC005_PasswordChange" name="LogOut" time="2.371"/>
</testsuite> <!-- com.training.sanity.tests.TC005_PasswordChange -->
