<?xml version="1.0" encoding="UTF-8"?>
<!-- Generated by org.testng.reporters.JUnitReportReporter -->
<testsuite hostname="DESKTOP-3S555CM" failures="0" tests="3" name="com.training.sanity.tests.TestCase_001_Register" time="85.175" errors="0" timestamp="2020-02-06T19:24:57 IST" skipped="0">
  <testcase classname="com.training.sanity.tests.TestCase_001_Register" name="adminLogin" time="9.492"/>
  <testcase classname="com.training.sanity.tests.TestCase_001_Register" name="registerNewUser" time="71.442"/>
  <testcase classname="com.training.sanity.tests.TestCase_001_Register" name="LogOut" time="4.241"/>
</testsuite> <!-- com.training.sanity.tests.TestCase_001_Register -->
