<?xml version="1.0" encoding="UTF-8"?>
<!-- Generated by org.testng.reporters.JUnitReportReporter -->
<testsuite hostname="DESKTOP-3S555CM" failures="0" tests="1" name="com.training.sanity.tests.TC0034_CommercialTab" time="16.870" errors="0" timestamp="2020-02-06T20:28:04 IST" skipped="0">
  <testcase classname="com.training.sanity.tests.TC0034_CommercialTab" name="commercialTab" time="16.870"/>
</testsuite> <!-- com.training.sanity.tests.TC0034_CommercialTab -->
