<?xml version="1.0" encoding="UTF-8"?>
<!-- Generated by org.testng.reporters.JUnitReportReporter -->
<testsuite hostname="DESKTOP-3S555CM" failures="0" tests="3" name="com.training.sanity.tests.TC004_ChangeProfileDetails" time="19.778" errors="0" timestamp="2020-02-06T19:44:33 IST" skipped="0">
  <testcase classname="com.training.sanity.tests.TC004_ChangeProfileDetails" name="Login" time="6.306"/>
  <testcase classname="com.training.sanity.tests.TC004_ChangeProfileDetails" name="changeProfileDetails" time="10.482"/>
  <testcase classname="com.training.sanity.tests.TC004_ChangeProfileDetails" name="LogOut" time="2.990"/>
</testsuite> <!-- com.training.sanity.tests.TC004_ChangeProfileDetails -->
