<?xml version="1.0" encoding="UTF-8"?>
<!-- Generated by org.testng.reporters.JUnitReportReporter -->
<testsuite hostname="DESKTOP-3S555CM" failures="0" tests="2" name="com.training.sanity.tests.TC006_AddProperty_Medium" time="23.439" errors="0" timestamp="2020-02-01T12:40:46 IST" skipped="0">
  <testcase classname="com.training.sanity.tests.TC006_AddProperty_Medium" name="adminLogin" time="7.347"/>
  <testcase classname="com.training.sanity.tests.TC006_AddProperty_Medium" name="addProperty" time="16.092"/>
</testsuite> <!-- com.training.sanity.tests.TC006_AddProperty_Medium -->
