<?xml version="1.0" encoding="UTF-8"?>
<!-- Generated by org.testng.reporters.JUnitReportReporter -->
<testsuite hostname="DESKTOP-3S555CM" failures="0" tests="2" name="com.training.sanity.tests.TC0033_ViewAddedPropertyDetails" time="58.648" errors="0" timestamp="2020-02-09T23:52:05 IST" skipped="0">
  <testcase classname="com.training.sanity.tests.TC0033_ViewAddedPropertyDetails" name="adminLogin" time="17.533"/>
  <testcase classname="com.training.sanity.tests.TC0033_ViewAddedPropertyDetails" name="viewPropertyDeatils" time="41.115"/>
</testsuite> <!-- com.training.sanity.tests.TC0033_ViewAddedPropertyDetails -->
