<?xml version="1.0" encoding="UTF-8"?>
<!-- Generated by org.testng.reporters.JUnitReportReporter -->
<testsuite hostname="LAPTOP-4MGU56UR" failures="0" tests="1" name="com.training.regression.tests.LoginDBTest" time="0.000" errors="0" timestamp="2020-12-28T15:15:14 IST" skipped="1">
  <testcase classname="com.training.regression.tests.LoginDBTest" name="loginDBTest" time="0.000">
    <skipped/>
  </testcase> <!-- loginDBTest -->
  <system-out/>
</testsuite> <!-- com.training.regression.tests.LoginDBTest -->
